<?xml version="1.0" encoding="UTF-8"?>
<testng-results skipped="0" failed="0" ignored="0" total="29" passed="29">
  <reporter-output>
  </reporter-output>
  <suite name="HerokuExecution" duration-ms="27256" started-at="2021-12-11T17:41:05Z" finished-at="2021-12-11T17:41:33Z">
    <groups>
      <group name="Posts">
        <method signature="PostTests.Negative_Test_CreatePost_No_Params()[pri:1, instance:PostTests@4e04a765]" name="Negative_Test_CreatePost_No_Params" class="PostTests"/>
        <method signature="PostTests.Negative_Test_CreatePost_Security()[pri:1, instance:PostTests@4e04a765]" name="Negative_Test_CreatePost_Security" class="PostTests"/>
        <method signature="PostTests.Negative_Test_Delete_Post_Worng_PostID()[pri:5, instance:PostTests@4e04a765]" name="Negative_Test_Delete_Post_Worng_PostID" class="PostTests"/>
        <method signature="PostTests.Negative_Test_Get_Post_Security()[pri:2, instance:PostTests@4e04a765]" name="Negative_Test_Get_Post_Security" class="PostTests"/>
        <method signature="PostTests.Negative_Test_Get_Post_WrongPostID()[pri:2, instance:PostTests@4e04a765]" name="Negative_Test_Get_Post_WrongPostID" class="PostTests"/>
        <method signature="PostTests.Negative_Test_Get_Posts()[pri:4, instance:PostTests@4e04a765]" name="Negative_Test_Get_Posts" class="PostTests"/>
        <method signature="PostTests.Negative_Test_Get_Posts_WrongURI()[pri:4, instance:PostTests@4e04a765]" name="Negative_Test_Get_Posts_WrongURI" class="PostTests"/>
        <method signature="PostTests.Negative_Test_Update_Post_Missing_Param()[pri:3, instance:PostTests@4e04a765]" name="Negative_Test_Update_Post_Missing_Param" class="PostTests"/>
        <method signature="PostTests.Negative_Test_Update_Post_Security()[pri:3, instance:PostTests@4e04a765]" name="Negative_Test_Update_Post_Security" class="PostTests"/>
        <method signature="PostTests.Positive_Test_Create_Post()[pri:1, instance:PostTests@4e04a765]" name="Positive_Test_Create_Post" class="PostTests"/>
        <method signature="PostTests.Positive_Test_Delete_Post()[pri:5, instance:PostTests@4e04a765]" name="Positive_Test_Delete_Post" class="PostTests"/>
        <method signature="PostTests.Positive_Test_Get_Post()[pri:2, instance:PostTests@4e04a765]" name="Positive_Test_Get_Post" class="PostTests"/>
        <method signature="PostTests.Positive_Test_Get_Posts()[pri:4, instance:PostTests@4e04a765]" name="Positive_Test_Get_Posts" class="PostTests"/>
        <method signature="PostTests.Positive_Test_Update_Post()[pri:3, instance:PostTests@4e04a765]" name="Positive_Test_Update_Post" class="PostTests"/>
      </group> <!-- Posts -->
    </groups>
    <test name="Main Execution" duration-ms="27256" started-at="2021-12-11T17:41:05Z" finished-at="2021-12-11T17:41:33Z">
      <class name="PostTests">
        <test-method status="PASS" signature="setup(java.lang.String)[pri:0, instance:PostTests@4e04a765]" name="setup" is-config="true" duration-ms="350" started-at="2021-12-11T17:41:05Z" finished-at="2021-12-11T17:41:06Z">
          <params>
            <param index="0">
              <value>
                <![CDATA[https://api-coffee-testing.herokuapp.com]]>
              </value>
            </param>
          </params>
          <reporter-output>
          </reporter-output>
        </test-method> <!-- setup -->
        <test-method status="PASS" signature="Negative_Test_CreatePost_No_Params()[pri:1, instance:PostTests@4e04a765]" name="Negative_Test_CreatePost_No_Params" duration-ms="3544" started-at="2021-12-11T17:41:06Z" finished-at="2021-12-11T17:41:09Z">
          <reporter-output>
          </reporter-output>
        </test-method> <!-- Negative_Test_CreatePost_No_Params -->
        <test-method status="PASS" signature="Negative_Test_CreatePost_Security()[pri:1, instance:PostTests@4e04a765]" name="Negative_Test_CreatePost_Security" duration-ms="540" started-at="2021-12-11T17:41:09Z" finished-at="2021-12-11T17:41:10Z">
          <reporter-output>
          </reporter-output>
        </test-method> <!-- Negative_Test_CreatePost_Security -->
        <test-method status="PASS" signature="Positive_Test_Create_Post()[pri:1, instance:PostTests@4e04a765]" name="Positive_Test_Create_Post" duration-ms="1181" started-at="2021-12-11T17:41:10Z" finished-at="2021-12-11T17:41:11Z">
          <reporter-output>
          </reporter-output>
        </test-method> <!-- Positive_Test_Create_Post -->
        <test-method status="PASS" signature="Negative_Test_Get_Post_Security()[pri:2, instance:PostTests@4e04a765]" name="Negative_Test_Get_Post_Security" duration-ms="522" started-at="2021-12-11T17:41:11Z" finished-at="2021-12-11T17:41:12Z">
          <reporter-output>
          </reporter-output>
        </test-method> <!-- Negative_Test_Get_Post_Security -->
        <test-method status="PASS" signature="Negative_Test_Get_Post_WrongPostID()[pri:2, instance:PostTests@4e04a765]" name="Negative_Test_Get_Post_WrongPostID" duration-ms="1155" started-at="2021-12-11T17:41:12Z" finished-at="2021-12-11T17:41:13Z">
          <reporter-output>
          </reporter-output>
        </test-method> <!-- Negative_Test_Get_Post_WrongPostID -->
        <test-method status="PASS" signature="Positive_Test_Get_Post()[pri:2, instance:PostTests@4e04a765]" name="Positive_Test_Get_Post" duration-ms="1230" started-at="2021-12-11T17:41:13Z" finished-at="2021-12-11T17:41:14Z">
          <reporter-output>
          </reporter-output>
        </test-method> <!-- Positive_Test_Get_Post -->
        <test-method status="PASS" signature="Negative_Test_Update_Post_Missing_Param()[pri:3, instance:PostTests@4e04a765]" name="Negative_Test_Update_Post_Missing_Param" duration-ms="1183" started-at="2021-12-11T17:41:14Z" finished-at="2021-12-11T17:41:15Z">
          <reporter-output>
          </reporter-output>
        </test-method> <!-- Negative_Test_Update_Post_Missing_Param -->
        <test-method status="PASS" signature="Negative_Test_Update_Post_Security()[pri:3, instance:PostTests@4e04a765]" name="Negative_Test_Update_Post_Security" duration-ms="553" started-at="2021-12-11T17:41:15Z" finished-at="2021-12-11T17:41:16Z">
          <reporter-output>
          </reporter-output>
        </test-method> <!-- Negative_Test_Update_Post_Security -->
        <test-method status="PASS" signature="Positive_Test_Update_Post()[pri:3, instance:PostTests@4e04a765]" name="Positive_Test_Update_Post" duration-ms="1200" started-at="2021-12-11T17:41:16Z" finished-at="2021-12-11T17:41:17Z">
          <reporter-output>
          </reporter-output>
        </test-method> <!-- Positive_Test_Update_Post -->
        <test-method status="PASS" signature="Negative_Test_Get_Posts()[pri:4, instance:PostTests@4e04a765]" name="Negative_Test_Get_Posts" duration-ms="532" started-at="2021-12-11T17:41:17Z" finished-at="2021-12-11T17:41:17Z">
          <reporter-output>
          </reporter-output>
        </test-method> <!-- Negative_Test_Get_Posts -->
        <test-method status="PASS" signature="Negative_Test_Get_Posts_WrongURI()[pri:4, instance:PostTests@4e04a765]" name="Negative_Test_Get_Posts_WrongURI" duration-ms="1118" started-at="2021-12-11T17:41:17Z" finished-at="2021-12-11T17:41:19Z">
          <reporter-output>
          </reporter-output>
        </test-method> <!-- Negative_Test_Get_Posts_WrongURI -->
        <test-method status="PASS" signature="Positive_Test_Get_Posts()[pri:4, instance:PostTests@4e04a765]" name="Positive_Test_Get_Posts" duration-ms="1207" started-at="2021-12-11T17:41:19Z" finished-at="2021-12-11T17:41:20Z">
          <reporter-output>
          </reporter-output>
        </test-method> <!-- Positive_Test_Get_Posts -->
        <test-method status="PASS" signature="Negative_Test_Delete_Post_Worng_PostID()[pri:5, instance:PostTests@4e04a765]" name="Negative_Test_Delete_Post_Worng_PostID" duration-ms="1132" started-at="2021-12-11T17:41:20Z" finished-at="2021-12-11T17:41:21Z">
          <reporter-output>
          </reporter-output>
        </test-method> <!-- Negative_Test_Delete_Post_Worng_PostID -->
        <test-method status="PASS" signature="Positive_Test_Delete_Post()[pri:5, instance:PostTests@4e04a765]" name="Positive_Test_Delete_Post" duration-ms="1176" started-at="2021-12-11T17:41:21Z" finished-at="2021-12-11T17:41:22Z">
          <reporter-output>
          </reporter-output>
        </test-method> <!-- Positive_Test_Delete_Post -->
      </class> <!-- PostTests -->
      <class name="CommentsTests">
        <test-method status="PASS" signature="setup(java.lang.String)[pri:0, instance:CommentsTests@783e6358]" name="setup" is-config="true" duration-ms="0" started-at="2021-12-11T17:41:22Z" finished-at="2021-12-11T17:41:22Z">
          <params>
            <param index="0">
              <value>
                <![CDATA[https://api-coffee-testing.herokuapp.com]]>
              </value>
            </param>
          </params>
          <reporter-output>
          </reporter-output>
        </test-method> <!-- setup -->
        <test-method status="PASS" signature="Positive_Test_Create_Comment()[pri:1, instance:CommentsTests@783e6358]" name="Positive_Test_Create_Comment" duration-ms="1846" depends-on-groups="Posts" started-at="2021-12-11T17:41:22Z" finished-at="2021-12-11T17:41:24Z">
          <reporter-output>
          </reporter-output>
        </test-method> <!-- Positive_Test_Create_Comment -->
        <test-method status="PASS" signature="Negative_Test_Create_Comment_Missing_Param()[pri:1, instance:CommentsTests@783e6358]" name="Negative_Test_Create_Comment_Missing_Param" duration-ms="646" depends-on-groups="Posts" started-at="2021-12-11T17:41:24Z" finished-at="2021-12-11T17:41:25Z">
          <reporter-output>
          </reporter-output>
        </test-method> <!-- Negative_Test_Create_Comment_Missing_Param -->
        <test-method status="PASS" signature="Negative_Test_Create_Comment_Security()[pri:1, instance:CommentsTests@783e6358]" name="Negative_Test_Create_Comment_Security" duration-ms="644" depends-on-groups="Posts" started-at="2021-12-11T17:41:25Z" finished-at="2021-12-11T17:41:25Z">
          <reporter-output>
          </reporter-output>
        </test-method> <!-- Negative_Test_Create_Comment_Security -->
        <test-method status="PASS" signature="Negative_Get_Comment_Security()[pri:2, instance:CommentsTests@783e6358]" name="Negative_Get_Comment_Security" duration-ms="636" depends-on-groups="Posts" started-at="2021-12-11T17:41:25Z" finished-at="2021-12-11T17:41:26Z">
          <reporter-output>
          </reporter-output>
        </test-method> <!-- Negative_Get_Comment_Security -->
        <test-method status="PASS" signature="Positive_Test_Get_Comment()[pri:2, instance:CommentsTests@783e6358]" name="Positive_Test_Get_Comment" duration-ms="652" depends-on-groups="Posts" started-at="2021-12-11T17:41:26Z" finished-at="2021-12-11T17:41:27Z">
          <reporter-output>
          </reporter-output>
        </test-method> <!-- Positive_Test_Get_Comment -->
        <test-method status="PASS" signature="NegativeTest_Get_Comment_Wrong_PostID()[pri:2, instance:CommentsTests@783e6358]" name="NegativeTest_Get_Comment_Wrong_PostID" duration-ms="660" depends-on-groups="Posts" started-at="2021-12-11T17:41:27Z" finished-at="2021-12-11T17:41:27Z">
          <reporter-output>
          </reporter-output>
        </test-method> <!-- NegativeTest_Get_Comment_Wrong_PostID -->
        <test-method status="PASS" signature="Positive_Test_Get_Comments()[pri:3, instance:CommentsTests@783e6358]" name="Positive_Test_Get_Comments" duration-ms="640" depends-on-groups="Posts" started-at="2021-12-11T17:41:27Z" finished-at="2021-12-11T17:41:28Z">
          <reporter-output>
          </reporter-output>
        </test-method> <!-- Positive_Test_Get_Comments -->
        <test-method status="PASS" signature="Negative_Test_Get_Comments_Security()[pri:3, instance:CommentsTests@783e6358]" name="Negative_Test_Get_Comments_Security" duration-ms="635" depends-on-groups="Posts" started-at="2021-12-11T17:41:28Z" finished-at="2021-12-11T17:41:28Z">
          <reporter-output>
          </reporter-output>
        </test-method> <!-- Negative_Test_Get_Comments_Security -->
        <test-method status="PASS" signature="Negative_Test_Get_Comments_Missing_PostID()[pri:3, instance:CommentsTests@783e6358]" name="Negative_Test_Get_Comments_Missing_PostID" duration-ms="511" depends-on-groups="Posts" started-at="2021-12-11T17:41:28Z" finished-at="2021-12-11T17:41:29Z">
          <reporter-output>
          </reporter-output>
        </test-method> <!-- Negative_Test_Get_Comments_Missing_PostID -->
        <test-method status="PASS" signature="Negative_Test_Update_Post_Security()[pri:4, instance:CommentsTests@783e6358]" name="Negative_Test_Update_Post_Security" duration-ms="632" depends-on-groups="Posts" started-at="2021-12-11T17:41:29Z" finished-at="2021-12-11T17:41:30Z">
          <reporter-output>
          </reporter-output>
        </test-method> <!-- Negative_Test_Update_Post_Security -->
        <test-method status="PASS" signature="Positive_Test_Update_Post()[pri:4, instance:CommentsTests@783e6358]" name="Positive_Test_Update_Post" duration-ms="646" depends-on-groups="Posts" started-at="2021-12-11T17:41:30Z" finished-at="2021-12-11T17:41:30Z">
          <reporter-output>
          </reporter-output>
        </test-method> <!-- Positive_Test_Update_Post -->
        <test-method status="PASS" signature="Negative_Test_Update_Post_Wrong_CommentID()[pri:4, instance:CommentsTests@783e6358]" name="Negative_Test_Update_Post_Wrong_CommentID" duration-ms="627" depends-on-groups="Posts" started-at="2021-12-11T17:41:30Z" finished-at="2021-12-11T17:41:31Z">
          <reporter-output>
          </reporter-output>
        </test-method> <!-- Negative_Test_Update_Post_Wrong_CommentID -->
        <test-method status="PASS" signature="Negative_Test_Delete_Post_Security()[pri:5, instance:CommentsTests@783e6358]" name="Negative_Test_Delete_Post_Security" duration-ms="642" depends-on-groups="Posts" started-at="2021-12-11T17:41:31Z" finished-at="2021-12-11T17:41:32Z">
          <reporter-output>
          </reporter-output>
        </test-method> <!-- Negative_Test_Delete_Post_Security -->
        <test-method status="PASS" signature="Negative_Test_Delete_Post_Wrong_URI()[pri:5, instance:CommentsTests@783e6358]" name="Negative_Test_Delete_Post_Wrong_URI" duration-ms="527" depends-on-groups="Posts" started-at="2021-12-11T17:41:32Z" finished-at="2021-12-11T17:41:32Z">
          <reporter-output>
          </reporter-output>
        </test-method> <!-- Negative_Test_Delete_Post_Wrong_URI -->
        <test-method status="PASS" signature="Positive_Test_Delete_Post()[pri:5, instance:CommentsTests@783e6358]" name="Positive_Test_Delete_Post" duration-ms="613" depends-on-groups="Posts" started-at="2021-12-11T17:41:32Z" finished-at="2021-12-11T17:41:33Z">
          <reporter-output>
          </reporter-output>
        </test-method> <!-- Positive_Test_Delete_Post -->
      </class> <!-- CommentsTests -->
    </test> <!-- Main Execution -->
  </suite> <!-- HerokuExecution -->
</testng-results>
