<?xml version="1.0" encoding="UTF-8"?>
<testsuite xmlns:xsi="http://www.w3.org/2001/XMLSchema-instance" xsi:noNamespaceSchemaLocation="https://maven.apache.org/surefire/maven-surefire-plugin/xsd/surefire-test-report.xsd" name="TestSuite" time="4.602" tests="7" errors="0" skipped="0" failures="0">
  <properties>
[...]
</properties>
  <testcase name="Test_404" classname="Miscelaneo" time="1.464"/>
  <testcase name="Test_User_Login" classname="Users" time="0.381"/>
  <testcase name="Test_HOME" classname="Miscelaneo" time="0.12"/>
  <testcase name="Test_PING" classname="Miscelaneo" time="0.487"/>
  <testcase name="Test_User_Logout" classname="Users" time="0.945"/>
  <testcase name="Test_User_Registration" classname="Users" time="0.535"/>
  <testcase name="Test_User_Registration_Existing_User" classname="Users" time="0.49"/>
</testsuite>