<?xml version="1.0" encoding="UTF-8"?>
<testsuite xmlns:xsi="http://www.w3.org/2001/XMLSchema-instance" xsi:noNamespaceSchemaLocation="https://maven.apache.org/surefire/maven-surefire-plugin/xsd/surefire-test-report.xsd" name="TestSuite" time="28.397" tests="29" errors="0" skipped="0" failures="0">
  <properties>
[...]
</properties>
  <testcase name="Negative_Test_CreatePost_No_Params" classname="PostTests" time="3.546"/>
  <testcase name="Negative_Test_CreatePost_Security" classname="PostTests" time="0.538"/>
  <testcase name="Positive_Test_Create_Post" classname="PostTests" time="1.181"/>
  <testcase name="Negative_Test_Get_Post_Security" classname="PostTests" time="0.522"/>
  <testcase name="Negative_Test_Get_Post_WrongPostID" classname="PostTests" time="1.156"/>
  <testcase name="Positive_Test_Get_Post" classname="PostTests" time="1.23"/>
  <testcase name="Negative_Test_Update_Post_Missing_Param" classname="PostTests" time="1.183"/>
  <testcase name="Negative_Test_Update_Post_Security" classname="PostTests" time="0.553"/>
  <testcase name="Positive_Test_Update_Post" classname="PostTests" time="1.2"/>
  <testcase name="Negative_Test_Get_Posts" classname="PostTests" time="0.533"/>
  <testcase name="Negative_Test_Get_Posts_WrongURI" classname="PostTests" time="1.118"/>
  <testcase name="Positive_Test_Get_Posts" classname="PostTests" time="1.207"/>
  <testcase name="Negative_Test_Delete_Post_Worng_PostID" classname="PostTests" time="1.131"/>
  <testcase name="Positive_Test_Delete_Post" classname="PostTests" time="1.177"/>
  <testcase name="Positive_Test_Create_Comment" classname="CommentsTests" time="1.845"/>
  <testcase name="Negative_Test_Create_Comment_Missing_Param" classname="CommentsTests" time="0.646"/>
  <testcase name="Negative_Test_Create_Comment_Security" classname="CommentsTests" time="0.644"/>
  <testcase name="Negative_Get_Comment_Security" classname="CommentsTests" time="0.637"/>
  <testcase name="Positive_Test_Get_Comment" classname="CommentsTests" time="0.653"/>
  <testcase name="NegativeTest_Get_Comment_Wrong_PostID" classname="CommentsTests" time="0.66"/>
  <testcase name="Positive_Test_Get_Comments" classname="CommentsTests" time="0.64"/>
  <testcase name="Negative_Test_Get_Comments_Security" classname="CommentsTests" time="0.634"/>
  <testcase name="Negative_Test_Get_Comments_Missing_PostID" classname="CommentsTests" time="0.511"/>
  <testcase name="Negative_Test_Update_Post_Security" classname="CommentsTests" time="0.633"/>
  <testcase name="Positive_Test_Update_Post" classname="CommentsTests" time="0.646"/>
  <testcase name="Negative_Test_Update_Post_Wrong_CommentID" classname="CommentsTests" time="0.627"/>
  <testcase name="Negative_Test_Delete_Post_Security" classname="CommentsTests" time="0.642"/>
  <testcase name="Negative_Test_Delete_Post_Wrong_URI" classname="CommentsTests" time="0.527"/>
  <testcase name="Positive_Test_Delete_Post" classname="CommentsTests" time="0.613"/>
</testsuite>